This file contains any messages produced by compilers while
running configure, to aid debugging if configure makes a mistake.

It was created by ParseM_bam configure 0.1, which was
generated by GNU Autoconf 2.68.  Invocation command line was

  $ /home/uqmimelf/working/sw/BamM/c/bam/configure --with-libhts-lib=/home/uqmimelf/local/opt/htslib --with-libhts-inc=/home/uqmimelf/local/opt/htslib --with-libcfu-inc=/home/uqmimelf/local/opt/libcfu-0.03/include --with-libcfu-lib=/home/uqmimelf/local/opt/libcfu-0.03/lib

## --------- ##
## Platform. ##
## --------- ##

hostname = erebus
uname -m = x86_64
uname -r = 3.2.0-61-generic
uname -s = Linux
uname -v = #93-Ubuntu SMP Fri May 2 21:31:50 UTC 2014

/usr/bin/uname -p = unknown
/bin/uname -X     = unknown

/bin/arch              = unknown
/usr/bin/arch -k       = unknown
/usr/convex/getsysinfo = unknown
/usr/bin/hostinfo      = unknown
/bin/machine           = unknown
/usr/bin/oslevel       = unknown
/bin/universe          = unknown

PATH: /home/uqmimelf/local/bin
PATH: /usr/local/sbin
PATH: /usr/local/bin
PATH: /usr/sbin
PATH: /usr/bin
PATH: /sbin
PATH: /bin
PATH: /usr/games


## ----------- ##
## Core tests. ##
## ----------- ##

configure:1880: checking for gcc
configure:1896: found /usr/bin/gcc
configure:1907: result: gcc
configure:2136: checking for C compiler version
configure:2145: gcc --version >&5
gcc (Ubuntu/Linaro 4.6.3-1ubuntu5) 4.6.3
Copyright (C) 2011 Free Software Foundation, Inc.
This is free software; see the source for copying conditions.  There is NO
warranty; not even for MERCHANTABILITY or FITNESS FOR A PARTICULAR PURPOSE.

configure:2156: $? = 0
configure:2145: gcc -v >&5
Using built-in specs.
COLLECT_GCC=gcc
COLLECT_LTO_WRAPPER=/usr/lib/gcc/x86_64-linux-gnu/4.6/lto-wrapper
Target: x86_64-linux-gnu
Configured with: ../src/configure -v --with-pkgversion='Ubuntu/Linaro 4.6.3-1ubuntu5' --with-bugurl=file:///usr/share/doc/gcc-4.6/README.Bugs --enable-languages=c,c++,fortran,objc,obj-c++ --prefix=/usr --program-suffix=-4.6 --enable-shared --enable-linker-build-id --with-system-zlib --libexecdir=/usr/lib --without-included-gettext --enable-threads=posix --with-gxx-include-dir=/usr/include/c++/4.6 --libdir=/usr/lib --enable-nls --with-sysroot=/ --enable-clocale=gnu --enable-libstdcxx-debug --enable-libstdcxx-time=yes --enable-gnu-unique-object --enable-plugin --enable-objc-gc --disable-werror --with-arch-32=i686 --with-tune=generic --enable-checking=release --build=x86_64-linux-gnu --host=x86_64-linux-gnu --target=x86_64-linux-gnu
Thread model: posix
gcc version 4.6.3 (Ubuntu/Linaro 4.6.3-1ubuntu5) 
configure:2156: $? = 0
configure:2145: gcc -V >&5
gcc: error: unrecognized option '-V'
gcc: fatal error: no input files
compilation terminated.
configure:2156: $? = 4
configure:2145: gcc -qversion >&5
gcc: error: unrecognized option '-qversion'
gcc: fatal error: no input files
compilation terminated.
configure:2156: $? = 4
configure:2176: checking whether the C compiler works
configure:2198: gcc    conftest.c  >&5
configure:2202: $? = 0
configure:2250: result: yes
configure:2253: checking for C compiler default output file name
configure:2255: result: a.out
configure:2261: checking for suffix of executables
configure:2268: gcc -o conftest    conftest.c  >&5
configure:2272: $? = 0
configure:2294: result: 
configure:2316: checking whether we are cross compiling
configure:2324: gcc -o conftest    conftest.c  >&5
configure:2328: $? = 0
configure:2335: ./conftest
configure:2339: $? = 0
configure:2354: result: no
configure:2359: checking for suffix of object files
configure:2381: gcc -c   conftest.c >&5
configure:2385: $? = 0
configure:2406: result: o
configure:2410: checking whether we are using the GNU C compiler
configure:2429: gcc -c   conftest.c >&5
configure:2429: $? = 0
configure:2438: result: yes
configure:2447: checking whether gcc accepts -g
configure:2467: gcc -c -g  conftest.c >&5
configure:2467: $? = 0
configure:2508: result: yes
configure:2525: checking for gcc option to accept ISO C89
configure:2589: gcc  -c -g -O2  conftest.c >&5
configure:2589: $? = 0
configure:2602: result: none needed
configure:2680: checking for g++
configure:2696: found /usr/bin/g++
configure:2707: result: g++
configure:2734: checking for C++ compiler version
configure:2743: g++ --version >&5
g++ (Ubuntu/Linaro 4.6.3-1ubuntu5) 4.6.3
Copyright (C) 2011 Free Software Foundation, Inc.
This is free software; see the source for copying conditions.  There is NO
warranty; not even for MERCHANTABILITY or FITNESS FOR A PARTICULAR PURPOSE.

configure:2754: $? = 0
configure:2743: g++ -v >&5
Using built-in specs.
COLLECT_GCC=g++
COLLECT_LTO_WRAPPER=/usr/lib/gcc/x86_64-linux-gnu/4.6/lto-wrapper
Target: x86_64-linux-gnu
Configured with: ../src/configure -v --with-pkgversion='Ubuntu/Linaro 4.6.3-1ubuntu5' --with-bugurl=file:///usr/share/doc/gcc-4.6/README.Bugs --enable-languages=c,c++,fortran,objc,obj-c++ --prefix=/usr --program-suffix=-4.6 --enable-shared --enable-linker-build-id --with-system-zlib --libexecdir=/usr/lib --without-included-gettext --enable-threads=posix --with-gxx-include-dir=/usr/include/c++/4.6 --libdir=/usr/lib --enable-nls --with-sysroot=/ --enable-clocale=gnu --enable-libstdcxx-debug --enable-libstdcxx-time=yes --enable-gnu-unique-object --enable-plugin --enable-objc-gc --disable-werror --with-arch-32=i686 --with-tune=generic --enable-checking=release --build=x86_64-linux-gnu --host=x86_64-linux-gnu --target=x86_64-linux-gnu
Thread model: posix
gcc version 4.6.3 (Ubuntu/Linaro 4.6.3-1ubuntu5) 
configure:2754: $? = 0
configure:2743: g++ -V >&5
g++: error: unrecognized option '-V'
g++: fatal error: no input files
compilation terminated.
configure:2754: $? = 4
configure:2743: g++ -qversion >&5
g++: error: unrecognized option '-qversion'
g++: fatal error: no input files
compilation terminated.
configure:2754: $? = 4
configure:2758: checking whether we are using the GNU C++ compiler
configure:2777: g++ -c   conftest.cpp >&5
configure:2777: $? = 0
configure:2786: result: yes
configure:2795: checking whether g++ accepts -g
configure:2815: g++ -c -g  conftest.cpp >&5
configure:2815: $? = 0
configure:2856: result: yes
configure:2883: checking for lgamma,log,exp in -lm
configure:2908: gcc -o conftest -g -O2   conftest.c -lm   >&5
conftest.c:16:6: warning: built-in function 'lgamma' declared as non-function [enabled by default]
conftest.c:16:13: warning: built-in function 'log' declared as non-function [enabled by default]
conftest.c:16:17: warning: conflicting types for built-in function 'exp' [enabled by default]
configure:2908: $? = 0
configure:2917: result: yes
configure:2992: checking for libcfu headers in /home/uqmimelf/local/opt/libcfu-0.03/include
configure:3010: gcc -c -g -O2  -I/home/uqmimelf/local/opt/libcfu-0.03/include conftest.c >&5
configure:3010: $? = 0
configure:3014: result: found
configure:3029: checking for libcfu libraries in /home/uqmimelf/local/opt/libcfu-0.03/lib
configure:3049: gcc -o conftest -g -O2  -I/home/uqmimelf/local/opt/libcfu-0.03/include  -L/home/uqmimelf/local/opt/libcfu-0.03/lib  conftest.c -lcfu   >&5
configure:3049: $? = 0
configure:3054: result: found
configure:3161: checking for libhts headers in /home/uqmimelf/local/opt/htslib
configure:3179: gcc -c -g -O2  -I/home/uqmimelf/local/opt/htslib conftest.c >&5
configure:3179: $? = 0
configure:3183: result: found
configure:3198: checking for libhts libraries in /home/uqmimelf/local/opt/htslib
configure:3218: gcc -o conftest -g -O2  -I/home/uqmimelf/local/opt/htslib  -L/home/uqmimelf/local/opt/htslib  conftest.c -lhts   >&5
configure:3218: $? = 0
configure:3223: result: found
configure:3395: creating ./config.status

## ---------------------- ##
## Running config.status. ##
## ---------------------- ##

This file was extended by ParseM_bam config.status 0.1, which was
generated by GNU Autoconf 2.68.  Invocation command line was

  CONFIG_FILES    = 
  CONFIG_HEADERS  = 
  CONFIG_LINKS    = 
  CONFIG_COMMANDS = 
  $ ./config.status 

on erebus

config.status:812: creating Makefile
config.status:812: creating config.h
config.status:982: config.h is unchanged

## ---------------- ##
## Cache variables. ##
## ---------------- ##

ac_cv_c_compiler_gnu=yes
ac_cv_cxx_compiler_gnu=yes
ac_cv_env_CCC_set=
ac_cv_env_CCC_value=
ac_cv_env_CC_set=
ac_cv_env_CC_value=
ac_cv_env_CFLAGS_set=
ac_cv_env_CFLAGS_value=
ac_cv_env_CPPFLAGS_set=
ac_cv_env_CPPFLAGS_value=
ac_cv_env_CXXFLAGS_set=
ac_cv_env_CXXFLAGS_value=
ac_cv_env_CXX_set=
ac_cv_env_CXX_value=
ac_cv_env_LDFLAGS_set=
ac_cv_env_LDFLAGS_value=
ac_cv_env_LIBS_set=
ac_cv_env_LIBS_value=
ac_cv_env_build_alias_set=
ac_cv_env_build_alias_value=
ac_cv_env_host_alias_set=
ac_cv_env_host_alias_value=
ac_cv_env_target_alias_set=
ac_cv_env_target_alias_value=
ac_cv_lib_m_lgamma_log_exp=yes
ac_cv_objext=o
ac_cv_prog_ac_ct_CC=gcc
ac_cv_prog_ac_ct_CXX=g++
ac_cv_prog_cc_c89=
ac_cv_prog_cc_g=yes
ac_cv_prog_cxx_g=yes

## ----------------- ##
## Output variables. ##
## ----------------- ##

CC='gcc'
CFLAGS='-g -O2'
CPPFLAGS=''
CXX='g++'
CXXFLAGS='-g -O2'
DEFS='-DHAVE_CONFIG_H'
ECHO_C=''
ECHO_N='-n'
ECHO_T=''
EXEEXT=''
LDFLAGS=''
LIBCFU_CPPFLAGS='-I/home/uqmimelf/local/opt/libcfu-0.03/include'
LIBCFU_FOUND_FALSE='#'
LIBCFU_FOUND_TRUE=''
LIBCFU_LDFLAGS='-L/home/uqmimelf/local/opt/libcfu-0.03/lib'
LIBCFU_LIBS='-lcfu'
LIBCFU_LIB_DIR=''
LIBHTS_CPPFLAGS='-I/home/uqmimelf/local/opt/htslib'
LIBHTS_FOUND_FALSE='#'
LIBHTS_FOUND_TRUE=''
LIBHTS_LDFLAGS='-L/home/uqmimelf/local/opt/htslib'
LIBHTS_LIBS='-lhts'
LIBHTS_LIB_DIR='/home/uqmimelf/local/opt/htslib'
LIBOBJS=''
LIBS=''
LTLIBOBJS=''
OBJEXT='o'
PACKAGE_BUGREPORT='mike@mikeimelfort.com'
PACKAGE_NAME='ParseM_bam'
PACKAGE_STRING='ParseM_bam 0.1'
PACKAGE_TARNAME='parsem_bam'
PACKAGE_URL=''
PACKAGE_VERSION='0.1'
PATH_SEPARATOR=':'
SHELL='/bin/bash'
ac_ct_CC='gcc'
ac_ct_CXX='g++'
bindir='${exec_prefix}/bin'
build_alias=''
datadir='${datarootdir}'
datarootdir='${prefix}/share'
docdir='${datarootdir}/doc/${PACKAGE_TARNAME}'
dvidir='${docdir}'
exec_prefix='${prefix}'
host_alias=''
htmldir='${docdir}'
includedir='${prefix}/include'
infodir='${datarootdir}/info'
libdir='${exec_prefix}/lib'
libexecdir='${exec_prefix}/libexec'
localedir='${datarootdir}/locale'
localstatedir='${prefix}/var'
mandir='${datarootdir}/man'
oldincludedir='/usr/include'
pdfdir='${docdir}'
prefix='/usr/local'
program_transform_name='s,x,x,'
psdir='${docdir}'
sbindir='${exec_prefix}/sbin'
sharedstatedir='${prefix}/com'
sysconfdir='${prefix}/etc'
target_alias=''

## ----------- ##
## confdefs.h. ##
## ----------- ##

/* confdefs.h */
#define PACKAGE_NAME "ParseM_bam"
#define PACKAGE_TARNAME "parsem_bam"
#define PACKAGE_VERSION "0.1"
#define PACKAGE_STRING "ParseM_bam 0.1"
#define PACKAGE_BUGREPORT "mike@mikeimelfort.com"
#define PACKAGE_URL ""
#define HAVE_M 1

configure: exit 0
